<?xml version="1.0" encoding="UTF-8"?>
<!-- Generated by org.testng.reporters.JUnitReportReporter -->
<testsuite hostname="MDVLIDRIS" name="AdminPanel.OverviewTab" tests="3" failures="0" timestamp="16 Oct 2017 11:36:45 GMT" time="33.618" errors="0">
  <testcase name="verifyTeamURL" time="17.170" classname="AdminPanel.OverviewTab"/>
  <testcase name="zAddusers" time="6.592" classname="AdminPanel.OverviewTab"/>
  <testcase name="verifyTeamname" time="9.856" classname="AdminPanel.OverviewTab"/>
</testsuite> <!-- AdminPanel.OverviewTab -->
